<?xml version="1.0" encoding="UTF-8"?>
<testng-results skipped="0" failed="0" ignored="0" total="1" passed="1">
  <reporter-output>
  </reporter-output>
  <suite name="Default suite" duration-ms="8069" started-at="2020-08-16T12:38:48 IST" finished-at="2020-08-16T12:38:57 IST">
    <groups>
    </groups>
    <test name="Default test" duration-ms="8069" started-at="2020-08-16T12:38:48 IST" finished-at="2020-08-16T12:38:57 IST">
      <class name="com.qa.api.tests.CreateUserTest">
        <test-method status="PASS" signature="createusertest()[pri:1, instance:com.qa.api.tests.CreateUserTest@68bbe345]" name="createusertest" duration-ms="7960" started-at="2020-08-16T12:38:49 IST" finished-at="2020-08-16T12:38:57 IST">
          <reporter-output>
          </reporter-output>
        </test-method> <!-- createusertest -->
      </class> <!-- com.qa.api.tests.CreateUserTest -->
    </test> <!-- Default test -->
  </suite> <!-- Default suite -->
</testng-results>
